<?xml version="1.0" encoding="UTF-8" ?>
<testsuite failures="0" time="4.809" errors="1" skipped="0" tests="1" name="calcserver.InterviewPriceListenerTest">
  <properties>
[...]
</properties>
  <testcase time="0.008" classname="calcserver.InterviewPriceListenerTest" name="test_high_number_loading_of_prices_using_runnable">
    <error message="Error creating bean with name &apos;calcserver.InterviewPriceListenerTest&apos;: Injection of autowired dependencies failed; nested exception is org.springframework.beans.factory.BeanCreationException: Could not autowire field: private com.bjss.basket.pricer.runner.InterviewPriceListener calcserver.InterviewPriceListenerTest.priceListener; nested exception is org.springframework.beans.factory.NoSuchBeanDefinitionException: No qualifying bean of type [com.bjss.basket.pricer.runner.InterviewPriceListener] found for dependency: expected at least 1 bean which qualifies as autowire candidate for this dependency. Dependency annotations: {@org.springframework.beans.factory.annotation.Autowired(required=true)}" type="org.springframework.beans.factory.BeanCreationException">org.springframework.beans.factory.BeanCreationException: Error creating bean with name &apos;calcserver.InterviewPriceListenerTest&apos;: Injection of autowired dependencies failed; nested exception is org.springframework.beans.factory.BeanCreationException: Could not autowire field: private com.bjss.basket.pricer.runner.InterviewPriceListener calcserver.InterviewPriceListenerTest.priceListener; nested exception is org.springframework.beans.factory.NoSuchBeanDefinitionException: No qualifying bean of type [com.bjss.basket.pricer.runner.InterviewPriceListener] found for dependency: expected at least 1 bean which qualifies as autowire candidate for this dependency. Dependency annotations: {@org.springframework.beans.factory.annotation.Autowired(required=true)}
	at org.springframework.beans.factory.annotation.AutowiredAnnotationBeanPostProcessor.postProcessPropertyValues(AutowiredAnnotationBeanPostProcessor.java:334)
	at org.springframework.beans.factory.support.AbstractAutowireCapableBeanFactory.populateBean(AbstractAutowireCapableBeanFactory.java:1214)
	at org.springframework.beans.factory.support.AbstractAutowireCapableBeanFactory.autowireBeanProperties(AbstractAutowireCapableBeanFactory.java:385)
	at org.springframework.test.context.support.DependencyInjectionTestExecutionListener.injectDependencies(DependencyInjectionTestExecutionListener.java:118)
	at org.springframework.test.context.support.DependencyInjectionTestExecutionListener.prepareTestInstance(DependencyInjectionTestExecutionListener.java:83)
	at org.springframework.test.context.TestContextManager.prepareTestInstance(TestContextManager.java:228)
	at org.springframework.test.context.junit4.SpringJUnit4ClassRunner.createTest(SpringJUnit4ClassRunner.java:217)
	at org.springframework.test.context.junit4.SpringJUnit4ClassRunner$1.runReflectiveCall(SpringJUnit4ClassRunner.java:276)
	at org.junit.internal.runners.model.ReflectiveCallable.run(ReflectiveCallable.java:12)
	at org.springframework.test.context.junit4.SpringJUnit4ClassRunner.methodBlock(SpringJUnit4ClassRunner.java:278)
	at org.springframework.test.context.junit4.SpringJUnit4ClassRunner.runChild(SpringJUnit4ClassRunner.java:236)
	at org.springframework.test.context.junit4.SpringJUnit4ClassRunner.runChild(SpringJUnit4ClassRunner.java:87)
	at org.junit.runners.ParentRunner$3.run(ParentRunner.java:238)
	at org.junit.runners.ParentRunner$1.schedule(ParentRunner.java:63)
	at org.junit.runners.ParentRunner.runChildren(ParentRunner.java:236)
	at org.junit.runners.ParentRunner.access$000(ParentRunner.java:53)
	at org.junit.runners.ParentRunner$2.evaluate(ParentRunner.java:229)
	at org.springframework.test.context.junit4.statements.RunBeforeTestClassCallbacks.evaluate(RunBeforeTestClassCallbacks.java:61)
	at org.springframework.test.context.junit4.statements.RunAfterTestClassCallbacks.evaluate(RunAfterTestClassCallbacks.java:70)
	at org.junit.runners.ParentRunner.run(ParentRunner.java:309)
	at org.springframework.test.context.junit4.SpringJUnit4ClassRunner.run(SpringJUnit4ClassRunner.java:180)
	at org.apache.maven.surefire.junit4.JUnit4TestSet.execute(JUnit4TestSet.java:35)
	at org.apache.maven.surefire.junit4.JUnit4Provider.executeTestSet(JUnit4Provider.java:146)
	at org.apache.maven.surefire.junit4.JUnit4Provider.invoke(JUnit4Provider.java:97)
	at sun.reflect.NativeMethodAccessorImpl.invoke0(Native Method)
	at sun.reflect.NativeMethodAccessorImpl.invoke(NativeMethodAccessorImpl.java:57)
	at sun.reflect.DelegatingMethodAccessorImpl.invoke(DelegatingMethodAccessorImpl.java:43)
	at java.lang.reflect.Method.invoke(Method.java:606)
	at org.apache.maven.surefire.booter.ProviderFactory$ClassLoaderProxy.invoke(ProviderFactory.java:103)
	at com.sun.proxy.$Proxy0.invoke(Unknown Source)
	at org.apache.maven.surefire.booter.SurefireStarter.invokeProvider(SurefireStarter.java:145)
	at org.apache.maven.surefire.booter.SurefireStarter.runSuitesInProcess(SurefireStarter.java:87)
	at org.apache.maven.surefire.booter.ForkedBooter.main(ForkedBooter.java:69)
Caused by: org.springframework.beans.factory.BeanCreationException: Could not autowire field: private com.bjss.basket.pricer.runner.InterviewPriceListener calcserver.InterviewPriceListenerTest.priceListener; nested exception is org.springframework.beans.factory.NoSuchBeanDefinitionException: No qualifying bean of type [com.bjss.basket.pricer.runner.InterviewPriceListener] found for dependency: expected at least 1 bean which qualifies as autowire candidate for this dependency. Dependency annotations: {@org.springframework.beans.factory.annotation.Autowired(required=true)}
	at org.springframework.beans.factory.annotation.AutowiredAnnotationBeanPostProcessor$AutowiredFieldElement.inject(AutowiredAnnotationBeanPostProcessor.java:571)
	at org.springframework.beans.factory.annotation.InjectionMetadata.inject(InjectionMetadata.java:88)
	at org.springframework.beans.factory.annotation.AutowiredAnnotationBeanPostProcessor.postProcessPropertyValues(AutowiredAnnotationBeanPostProcessor.java:331)
	... 32 more
Caused by: org.springframework.beans.factory.NoSuchBeanDefinitionException: No qualifying bean of type [com.bjss.basket.pricer.runner.InterviewPriceListener] found for dependency: expected at least 1 bean which qualifies as autowire candidate for this dependency. Dependency annotations: {@org.springframework.beans.factory.annotation.Autowired(required=true)}
	at org.springframework.beans.factory.support.DefaultListableBeanFactory.raiseNoSuchBeanDefinitionException(DefaultListableBeanFactory.java:1326)
	at org.springframework.beans.factory.support.DefaultListableBeanFactory.doResolveDependency(DefaultListableBeanFactory.java:1072)
	at org.springframework.beans.factory.support.DefaultListableBeanFactory.resolveDependency(DefaultListableBeanFactory.java:967)
	at org.springframework.beans.factory.annotation.AutowiredAnnotationBeanPostProcessor$AutowiredFieldElement.inject(AutowiredAnnotationBeanPostProcessor.java:543)
	... 34 more
</error>
    <system-out>@HL
@HL-------------------------------------------------------
@HL T E S T S
@HL-------------------------------------------------------
@SLRunning calcserver.InterviewPriceListenerTest
2015-09-21 21:11:49,800 [DEBUG] (SpringJUnit4ClassRunner.java:&lt;init&gt;:129) SpringJUnit4ClassRunner constructor called with [class calcserver.InterviewPriceListenerTest]
2015-09-21 21:11:49,851 [DEBUG] (BootstrapUtils.java:createCacheAwareContextLoaderDelegate:96) Instantiating CacheAwareContextLoaderDelegate from class [org.springframework.test.context.cache.DefaultCacheAwareContextLoaderDelegate]
2015-09-21 21:11:49,903 [DEBUG] (BootstrapUtils.java:createBootstrapContext:79) Instantiating BootstrapContext using constructor [public org.springframework.test.context.support.DefaultBootstrapContext(java.lang.Class,org.springframework.test.context.CacheAwareContextLoaderDelegate)]
2015-09-21 21:11:50,127 [DEBUG] (BootstrapUtils.java:resolveTestContextBootstrapper:146) Instantiating TestContextBootstrapper for test class [calcserver.InterviewPriceListenerTest] from class [org.springframework.test.context.support.DefaultTestContextBootstrapper]
2015-09-21 21:11:50,566 [DEBUG] (AbstractDelegatingSmartContextLoader.java:delegateProcessing:97) Delegating to GenericXmlContextLoader to process context configuration [ContextConfigurationAttributes@1154718 declaringClass = &apos;calcserver.InterviewPriceListenerTest&apos;, classes = &apos;{}&apos;, locations = &apos;{/application-context.xml}&apos;, inheritLocations = true, initializers = &apos;{}&apos;, inheritInitializers = true, name = [null], contextLoaderClass = &apos;org.springframework.test.context.ContextLoader&apos;].
2015-09-21 21:11:50,574 [DEBUG] (ActiveProfilesUtils.java:resolveActiveProfiles:84) Could not find an &apos;annotation declaring class&apos; for annotation type [org.springframework.test.context.ActiveProfiles] and class [calcserver.InterviewPriceListenerTest]
2015-09-21 21:11:50,590 [DEBUG] (AbstractTestContextBootstrapper.java:getTestExecutionListeners:130) @TestExecutionListeners is not present for class [calcserver.InterviewPriceListenerTest]: using defaults.
2015-09-21 21:11:50,644 [INFO ] (AbstractTestContextBootstrapper.java:getDefaultTestExecutionListenerClassNames:259) Loaded default TestExecutionListener class names from location [META-INF/spring.factories]: [org.springframework.test.context.web.ServletTestExecutionListener, org.springframework.test.context.support.DirtiesContextBeforeModesTestExecutionListener, org.springframework.test.context.support.DependencyInjectionTestExecutionListener, org.springframework.test.context.support.DirtiesContextTestExecutionListener, org.springframework.test.context.transaction.TransactionalTestExecutionListener, org.springframework.test.context.jdbc.SqlScriptsTestExecutionListener]
2015-09-21 21:11:50,770 [INFO ] (AbstractTestContextBootstrapper.java:instantiateListeners:207) Could not instantiate TestExecutionListener [org.springframework.test.context.web.ServletTestExecutionListener]. Specify custom listener classes or make the default listener classes (and their required dependencies) available. Offending class: [javax/servlet/ServletContext]
2015-09-21 21:11:50,809 [INFO ] (AbstractTestContextBootstrapper.java:getTestExecutionListeners:185) Using TestExecutionListeners: [org.springframework.test.context.support.DirtiesContextBeforeModesTestExecutionListener@1e48d65, org.springframework.test.context.support.DependencyInjectionTestExecutionListener@1fee2db, org.springframework.test.context.support.DirtiesContextTestExecutionListener@dfbabd, org.springframework.test.context.transaction.TransactionalTestExecutionListener@5cd7f9, org.springframework.test.context.jdbc.SqlScriptsTestExecutionListener@1672c01]
2015-09-21 21:11:50,827 [DEBUG] (ProfileValueUtils.java:retrieveProfileValueSource:71) Retrieved @ProfileValueSourceConfiguration [null] for test class [calcserver.InterviewPriceListenerTest]
2015-09-21 21:11:50,829 [DEBUG] (ProfileValueUtils.java:retrieveProfileValueSource:83) Retrieved ProfileValueSource type [class org.springframework.test.annotation.SystemProfileValueSource] for class [calcserver.InterviewPriceListenerTest]
2015-09-21 21:11:50,845 [DEBUG] (ProfileValueUtils.java:retrieveProfileValueSource:71) Retrieved @ProfileValueSourceConfiguration [null] for test class [calcserver.InterviewPriceListenerTest]
2015-09-21 21:11:50,846 [DEBUG] (ProfileValueUtils.java:retrieveProfileValueSource:83) Retrieved ProfileValueSource type [class org.springframework.test.annotation.SystemProfileValueSource] for class [calcserver.InterviewPriceListenerTest]
2015-09-21 21:11:50,854 [DEBUG] (AbstractDirtiesContextTestExecutionListener.java:beforeOrAfterTestClass:141) Before test class: context [DefaultTestContext@d8fb2b testClass = InterviewPriceListenerTest, testInstance = [null], testMethod = [null], testException = [null], mergedContextConfiguration = [MergedContextConfiguration@151e135 testClass = InterviewPriceListenerTest, locations = &apos;{classpath:/application-context.xml}&apos;, classes = &apos;{}&apos;, contextInitializerClasses = &apos;[]&apos;, activeProfiles = &apos;{}&apos;, propertySourceLocations = &apos;{}&apos;, propertySourceProperties = &apos;{}&apos;, contextLoader = &apos;org.springframework.test.context.support.DelegatingSmartContextLoader&apos;, parent = [null]]], class annotated with @DirtiesContext [false] with mode [null].
2015-09-21 21:11:50,856 [DEBUG] (ProfileValueUtils.java:retrieveProfileValueSource:71) Retrieved @ProfileValueSourceConfiguration [null] for test class [calcserver.InterviewPriceListenerTest]
2015-09-21 21:11:50,861 [DEBUG] (ProfileValueUtils.java:retrieveProfileValueSource:83) Retrieved ProfileValueSource type [class org.springframework.test.annotation.SystemProfileValueSource] for class [calcserver.InterviewPriceListenerTest]
2015-09-21 21:11:50,874 [DEBUG] (DependencyInjectionTestExecutionListener.java:prepareTestInstance:81) Performing dependency injection for test context [[DefaultTestContext@d8fb2b testClass = InterviewPriceListenerTest, testInstance = calcserver.InterviewPriceListenerTest@4d4f6e, testMethod = [null], testException = [null], mergedContextConfiguration = [MergedContextConfiguration@151e135 testClass = InterviewPriceListenerTest, locations = &apos;{classpath:/application-context.xml}&apos;, classes = &apos;{}&apos;, contextInitializerClasses = &apos;[]&apos;, activeProfiles = &apos;{}&apos;, propertySourceLocations = &apos;{}&apos;, propertySourceProperties = &apos;{}&apos;, contextLoader = &apos;org.springframework.test.context.support.DelegatingSmartContextLoader&apos;, parent = [null]]]].
2015-09-21 21:11:50,874 [DEBUG] (AbstractDelegatingSmartContextLoader.java:delegateLoading:107) Delegating to GenericXmlContextLoader to load context from [MergedContextConfiguration@151e135 testClass = InterviewPriceListenerTest, locations = &apos;{classpath:/application-context.xml}&apos;, classes = &apos;{}&apos;, contextInitializerClasses = &apos;[]&apos;, activeProfiles = &apos;{}&apos;, propertySourceLocations = &apos;{}&apos;, propertySourceProperties = &apos;{}&apos;, contextLoader = &apos;org.springframework.test.context.support.DelegatingSmartContextLoader&apos;, parent = [null]].
2015-09-21 21:11:50,875 [DEBUG] (AbstractGenericContextLoader.java:loadContext:107) Loading ApplicationContext for merged context configuration [[MergedContextConfiguration@151e135 testClass = InterviewPriceListenerTest, locations = &apos;{classpath:/application-context.xml}&apos;, classes = &apos;{}&apos;, contextInitializerClasses = &apos;[]&apos;, activeProfiles = &apos;{}&apos;, propertySourceLocations = &apos;{}&apos;, propertySourceProperties = &apos;{}&apos;, contextLoader = &apos;org.springframework.test.context.support.DelegatingSmartContextLoader&apos;, parent = [null]]].
2015-09-21 21:11:51,419 [DEBUG] (MutablePropertySources.java:addLast:109) Adding [systemProperties] PropertySource with lowest search precedence
2015-09-21 21:11:51,423 [DEBUG] (MutablePropertySources.java:addLast:109) Adding [systemEnvironment] PropertySource with lowest search precedence
2015-09-21 21:11:51,424 [DEBUG] (AbstractEnvironment.java:&lt;init&gt;:126) Initialized StandardEnvironment with PropertySources [systemProperties,systemEnvironment]
2015-09-21 21:11:51,600 [INFO ] (XmlBeanDefinitionReader.java:loadBeanDefinitions:317) Loading XML bean definitions from class path resource [application-context.xml]
2015-09-21 21:11:51,885 [DEBUG] (DefaultDocumentLoader.java:loadDocument:73) Using JAXP provider [com.sun.org.apache.xerces.internal.jaxp.DocumentBuilderFactoryImpl]
2015-09-21 21:11:52,529 [DEBUG] (PluggableSchemaResolver.java:getSchemaMappings:141) Loading schema mappings from [META-INF/spring.schemas]
2015-09-21 21:11:52,596 [DEBUG] (PluggableSchemaResolver.java:getSchemaMappings:147) Loaded schema mappings: {http://www.springframework.org/schema/tx/spring-tx-2.5.xsd=org/springframework/transaction/config/spring-tx-2.5.xsd, http://www.springframework.org/schema/cache/spring-cache-4.2.xsd=org/springframework/cache/config/spring-cache-4.2.xsd, http://www.springframework.org/schema/aop/spring-aop-4.1.xsd=org/springframework/aop/config/spring-aop-4.1.xsd, http://www.springframework.org/schema/context/spring-context-3.1.xsd=org/springframework/context/config/spring-context-3.1.xsd, http://www.springframework.org/schema/util/spring-util-3.0.xsd=org/springframework/beans/factory/xml/spring-util-3.0.xsd, http://www.springframework.org/schema/tool/spring-tool.xsd=org/springframework/beans/factory/xml/spring-tool-4.2.xsd, http://www.springframework.org/schema/aop/spring-aop-3.2.xsd=org/springframework/aop/config/spring-aop-3.2.xsd, http://www.springframework.org/schema/lang/spring-lang-4.1.xsd=org/springframework/scripting/config/spring-lang-4.1.xsd, http://www.springframework.org/schema/context/spring-context-4.0.xsd=org/springframework/context/config/spring-context-4.0.xsd, http://www.springframework.org/schema/beans/spring-beans-4.2.xsd=org/springframework/beans/factory/xml/spring-beans-4.2.xsd, http://www.springframework.org/schema/tool/spring-tool-4.1.xsd=org/springframework/beans/factory/xml/spring-tool-4.1.xsd, http://www.springframework.org/schema/lang/spring-lang-3.2.xsd=org/springframework/scripting/config/spring-lang-3.2.xsd, http://www.springframework.org/schema/cache/spring-cache-3.2.xsd=org/springframework/cache/config/spring-cache-3.2.xsd, http://www.springframework.org/schema/jee/spring-jee-4.1.xsd=org/springframework/ejb/config/spring-jee-4.1.xsd, http://www.springframework.org/schema/util/spring-util-2.0.xsd=org/springframework/beans/factory/xml/spring-util-2.0.xsd, http://www.springframework.org/schema/task/spring-task-4.2.xsd=org/springframework/scheduling/config/spring-task-4.2.xsd, http://www.springframework.org/schema/tool/spring-tool-3.2.xsd=org/springframework/beans/factory/xml/spring-tool-3.2.xsd, http://www.springframework.org/schema/context/spring-context.xsd=org/springframework/context/config/spring-context-4.2.xsd, http://www.springframework.org/schema/tx/spring-tx-4.2.xsd=org/springframework/transaction/config/spring-tx-4.2.xsd, http://www.springframework.org/schema/cache/spring-cache-4.1.xsd=org/springframework/cache/config/spring-cache-4.1.xsd, http://www.springframework.org/schema/aop/spring-aop-4.0.xsd=org/springframework/aop/config/spring-aop-4.0.xsd, http://www.springframework.org/schema/jee/spring-jee-3.2.xsd=org/springframework/ejb/config/spring-jee-3.2.xsd, http://www.springframework.org/schema/context/spring-context-3.0.xsd=org/springframework/context/config/spring-context-3.0.xsd, http://www.springframework.org/schema/util/spring-util-2.5.xsd=org/springframework/beans/factory/xml/spring-util-2.5.xsd, http://www.springframework.org/schema/beans/spring-beans-3.2.xsd=org/springframework/beans/factory/xml/spring-beans-3.2.xsd, http://www.springframework.org/schema/aop/spring-aop-3.1.xsd=org/springframework/aop/config/spring-aop-3.1.xsd, http://www.springframework.org/schema/lang/spring-lang-4.0.xsd=org/springframework/scripting/config/spring-lang-4.0.xsd, http://www.springframework.org/schema/beans/spring-beans-4.1.xsd=org/springframework/beans/factory/xml/spring-beans-4.1.xsd, http://www.springframework.org/schema/tool/spring-tool-4.0.xsd=org/springframework/beans/factory/xml/spring-tool-4.0.xsd, http://www.springframework.org/schema/tx/spring-tx-3.2.xsd=org/springframework/transaction/config/spring-tx-3.2.xsd, http://www.springframework.org/schema/lang/spring-lang-3.1.xsd=org/springframework/scripting/config/spring-lang-3.1.xsd, http://www.springframework.org/schema/cache/spring-cache-3.1.xsd=org/springframework/cache/config/spring-cache-3.1.xsd, http://www.springframework.org/schema/jee/spring-jee-4.0.xsd=org/springframework/ejb/config/spring-jee-4.0.xsd, http://www.springframework.org/schema/task/spring-task-4.1.xsd=org/springframework/scheduling/config/spring-task-4.1.xsd, http://www.springframework.org/schema/tool/spring-tool-3.1.xsd=org/springframework/beans/factory/xml/spring-tool-3.1.xsd, http://www.springframework.org/schema/tx/spring-tx-4.1.xsd=org/springframework/transaction/config/spring-tx-4.1.xsd, http://www.springframework.org/schema/cache/spring-cache-4.0.xsd=org/springframework/cache/config/spring-cache-4.0.xsd, http://www.springframework.org/schema/jee/spring-jee-3.1.xsd=org/springframework/ejb/config/spring-jee-3.1.xsd, http://www.springframework.org/schema/util/spring-util-4.2.xsd=org/springframework/beans/factory/xml/spring-util-4.2.xsd, http://www.springframework.org/schema/task/spring-task-3.2.xsd=org/springframework/scheduling/config/spring-task-3.2.xsd, http://www.springframework.org/schema/beans/spring-beans-3.1.xsd=org/springframework/beans/factory/xml/spring-beans-3.1.xsd, http://www.springframework.org/schema/util/spring-util.xsd=org/springframework/beans/factory/xml/spring-util-4.2.xsd, http://www.springframework.org/schema/aop/spring-aop-3.0.xsd=org/springframework/aop/config/spring-aop-3.0.xsd, http://www.springframework.org/schema/beans/spring-beans-4.0.xsd=org/springframework/beans/factory/xml/spring-beans-4.0.xsd, http://www.springframework.org/schema/beans/spring-beans.xsd=org/springframework/beans/factory/xml/spring-beans-4.2.xsd, http://www.springframework.org/schema/tx/spring-tx-3.1.xsd=org/springframework/transaction/config/spring-tx-3.1.xsd, http://www.springframework.org/schema/lang/spring-lang-3.0.xsd=org/springframework/scripting/config/spring-lang-3.0.xsd, http://www.springframework.org/schema/context/spring-context-2.5.xsd=org/springframework/context/config/spring-context-2.5.xsd, http://www.springframework.org/schema/task/spring-task-4.0.xsd=org/springframework/scheduling/config/spring-task-4.0.xsd, http://www.springframework.org/schema/tool/spring-tool-3.0.xsd=org/springframework/beans/factory/xml/spring-tool-3.0.xsd, http://www.springframework.org/schema/tx/spring-tx-4.0.xsd=org/springframework/transaction/config/spring-tx-4.0.xsd, http://www.springframework.org/schema/aop/spring-aop-2.0.xsd=org/springframework/aop/config/spring-aop-2.0.xsd, http://www.springframework.org/schema/jee/spring-jee-3.0.xsd=org/springframework/ejb/config/spring-jee-3.0.xsd, http://www.springframework.org/schema/util/spring-util-4.1.xsd=org/springframework/beans/factory/xml/spring-util-4.1.xsd, http://www.springframework.org/schema/task/spring-task-3.1.xsd=org/springframework/scheduling/config/spring-task-3.1.xsd, http://www.springframework.org/schema/beans/spring-beans-3.0.xsd=org/springframework/beans/factory/xml/spring-beans-3.0.xsd, http://www.springframework.org/schema/jee/spring-jee.xsd=org/springframework/ejb/config/spring-jee-4.2.xsd, http://www.springframework.org/schema/aop/spring-aop-2.5.xsd=org/springframework/aop/config/spring-aop-2.5.xsd, http://www.springframework.org/schema/lang/spring-lang-2.0.xsd=org/springframework/scripting/config/spring-lang-2.0.xsd, http://www.springframework.org/schema/util/spring-util-3.2.xsd=org/springframework/beans/factory/xml/spring-util-3.2.xsd, http://www.springframework.org/schema/task/spring-task.xsd=org/springframework/scheduling/config/spring-task-4.2.xsd, http://www.springframework.org/schema/tool/spring-tool-2.0.xsd=org/springframework/beans/factory/xml/spring-tool-2.0.xsd, http://www.springframework.org/schema/tx/spring-tx-3.0.xsd=org/springframework/transaction/config/spring-tx-3.0.xsd, http://www.springframework.org/schema/lang/spring-lang-2.5.xsd=org/springframework/scripting/config/spring-lang-2.5.xsd, http://www.springframework.org/schema/context/spring-context-4.2.xsd=org/springframework/context/config/spring-context-4.2.xsd, http://www.springframework.org/schema/jee/spring-jee-2.0.xsd=org/springframework/ejb/config/spring-jee-2.0.xsd, http://www.springframework.org/schema/tool/spring-tool-2.5.xsd=org/springframework/beans/factory/xml/spring-tool-2.5.xsd, http://www.springframework.org/schema/jee/spring-jee-2.5.xsd=org/springframework/ejb/config/spring-jee-2.5.xsd, http://www.springframework.org/schema/util/spring-util-4.0.xsd=org/springframework/beans/factory/xml/spring-util-4.0.xsd, http://www.springframework.org/schema/task/spring-task-3.0.xsd=org/springframework/scheduling/config/spring-task-3.0.xsd, http://www.springframework.org/schema/aop/spring-aop-4.2.xsd=org/springframework/aop/config/spring-aop-4.2.xsd, http://www.springframework.org/schema/lang/spring-lang.xsd=org/springframework/scripting/config/spring-lang-4.2.xsd, http://www.springframework.org/schema/context/spring-context-3.2.xsd=org/springframework/context/config/spring-context-3.2.xsd, http://www.springframework.org/schema/util/spring-util-3.1.xsd=org/springframework/beans/factory/xml/spring-util-3.1.xsd, http://www.springframework.org/schema/beans/spring-beans-2.0.xsd=org/springframework/beans/factory/xml/spring-beans-2.0.xsd, http://www.springframework.org/schema/cache/spring-cache.xsd=org/springframework/cache/config/spring-cache-4.2.xsd, http://www.springframework.org/schema/tx/spring-tx.xsd=org/springframework/transaction/config/spring-tx-4.2.xsd, http://www.springframework.org/schema/lang/spring-lang-4.2.xsd=org/springframework/scripting/config/spring-lang-4.2.xsd, http://www.springframework.org/schema/context/spring-context-4.1.xsd=org/springframework/context/config/spring-context-4.1.xsd, http://www.springframework.org/schema/beans/spring-beans-2.5.xsd=org/springframework/beans/factory/xml/spring-beans-2.5.xsd, http://www.springframework.org/schema/tool/spring-tool-4.2.xsd=org/springframework/beans/factory/xml/spring-tool-4.2.xsd, http://www.springframework.org/schema/tx/spring-tx-2.0.xsd=org/springframework/transaction/config/spring-tx-2.0.xsd, http://www.springframework.org/schema/jee/spring-jee-4.2.xsd=org/springframework/ejb/config/spring-jee-4.2.xsd, http://www.springframework.org/schema/aop/spring-aop.xsd=org/springframework/aop/config/spring-aop-4.2.xsd}
2015-09-21 21:11:52,600 [DEBUG] (PluggableSchemaResolver.java:resolveEntity:119) Found XML schema [http://www.springframework.org/schema/beans/spring-beans.xsd] in classpath: org/springframework/beans/factory/xml/spring-beans-4.2.xsd
2015-09-21 21:11:52,848 [DEBUG] (PluggableSchemaResolver.java:resolveEntity:119) Found XML schema [http://www.springframework.org/schema/context/spring-context.xsd] in classpath: org/springframework/context/config/spring-context-4.2.xsd
2015-09-21 21:11:52,879 [DEBUG] (PluggableSchemaResolver.java:resolveEntity:119) Found XML schema [http://www.springframework.org/schema/tool/spring-tool-4.1.xsd] in classpath: org/springframework/beans/factory/xml/spring-tool-4.1.xsd
2015-09-21 21:11:52,940 [DEBUG] (DefaultBeanDefinitionDocumentReader.java:registerBeanDefinitions:92) Loading bean definitions
2015-09-21 21:11:53,072 [DEBUG] (DefaultNamespaceHandlerResolver.java:getHandlerMappings:157) Loaded NamespaceHandler mappings: {http://www.springframework.org/schema/p=org.springframework.beans.factory.xml.SimplePropertyNamespaceHandler, http://www.springframework.org/schema/util=org.springframework.beans.factory.xml.UtilNamespaceHandler, http://www.springframework.org/schema/jee=org.springframework.ejb.config.JeeNamespaceHandler, http://www.springframework.org/schema/aop=org.springframework.aop.config.AopNamespaceHandler, http://www.springframework.org/schema/cache=org.springframework.cache.config.CacheNamespaceHandler, http://www.springframework.org/schema/c=org.springframework.beans.factory.xml.SimpleConstructorNamespaceHandler, http://www.springframework.org/schema/tx=org.springframework.transaction.config.TxNamespaceHandler, http://www.springframework.org/schema/task=org.springframework.scheduling.config.TaskNamespaceHandler, http://www.springframework.org/schema/lang=org.springframework.scripting.config.LangNamespaceHandler, http://www.springframework.org/schema/context=org.springframework.context.config.ContextNamespaceHandler}
2015-09-21 21:11:53,260 [DEBUG] (AbstractBeanDefinitionReader.java:loadBeanDefinitions:224) Loaded 7 bean definitions from location pattern [classpath:/application-context.xml]
2015-09-21 21:11:53,263 [INFO ] (AbstractApplicationContext.java:prepareRefresh:573) Refreshing org.springframework.context.support.GenericApplicationContext@1387498: startup date [Mon Sep 21 21:11:53 CEST 2015]; root of context hierarchy
2015-09-21 21:11:53,263 [DEBUG] (AbstractApplicationContext.java:obtainFreshBeanFactory:607) Bean factory for org.springframework.context.support.GenericApplicationContext@1387498: org.springframework.beans.factory.support.DefaultListableBeanFactory@11aa6ce: defining beans [org.springframework.context.annotation.internalConfigurationAnnotationProcessor,org.springframework.context.annotation.internalAutowiredAnnotationProcessor,org.springframework.context.annotation.internalRequiredAnnotationProcessor,org.springframework.context.annotation.internalCommonAnnotationProcessor,org.springframework.context.event.internalEventListenerProcessor,org.springframework.context.event.internalEventListenerFactory,referentialDAO]; root of factory hierarchy
2015-09-21 21:11:53,482 [DEBUG] (DefaultSingletonBeanRegistry.java:getSingleton:221) Creating shared instance of singleton bean &apos;org.springframework.context.annotation.internalConfigurationAnnotationProcessor&apos;
2015-09-21 21:11:53,482 [DEBUG] (AbstractAutowireCapableBeanFactory.java:createBean:448) Creating instance of bean &apos;org.springframework.context.annotation.internalConfigurationAnnotationProcessor&apos;
2015-09-21 21:11:53,537 [DEBUG] (AbstractAutowireCapableBeanFactory.java:doCreateBean:529) Eagerly caching bean &apos;org.springframework.context.annotation.internalConfigurationAnnotationProcessor&apos; to allow for resolving potential circular references
2015-09-21 21:11:53,540 [DEBUG] (AbstractAutowireCapableBeanFactory.java:createBean:484) Finished creating instance of bean &apos;org.springframework.context.annotation.internalConfigurationAnnotationProcessor&apos;
2015-09-21 21:11:53,617 [DEBUG] (DefaultSingletonBeanRegistry.java:getSingleton:221) Creating shared instance of singleton bean &apos;org.springframework.context.annotation.internalAutowiredAnnotationProcessor&apos;
2015-09-21 21:11:53,617 [DEBUG] (AbstractAutowireCapableBeanFactory.java:createBean:448) Creating instance of bean &apos;org.springframework.context.annotation.internalAutowiredAnnotationProcessor&apos;
2015-09-21 21:11:53,618 [DEBUG] (AbstractAutowireCapableBeanFactory.java:doCreateBean:529) Eagerly caching bean &apos;org.springframework.context.annotation.internalAutowiredAnnotationProcessor&apos; to allow for resolving potential circular references
2015-09-21 21:11:53,618 [DEBUG] (AbstractAutowireCapableBeanFactory.java:createBean:484) Finished creating instance of bean &apos;org.springframework.context.annotation.internalAutowiredAnnotationProcessor&apos;
2015-09-21 21:11:53,619 [DEBUG] (DefaultSingletonBeanRegistry.java:getSingleton:221) Creating shared instance of singleton bean &apos;org.springframework.context.annotation.internalRequiredAnnotationProcessor&apos;
2015-09-21 21:11:53,619 [DEBUG] (AbstractAutowireCapableBeanFactory.java:createBean:448) Creating instance of bean &apos;org.springframework.context.annotation.internalRequiredAnnotationProcessor&apos;
2015-09-21 21:11:53,620 [DEBUG] (AbstractAutowireCapableBeanFactory.java:doCreateBean:529) Eagerly caching bean &apos;org.springframework.context.annotation.internalRequiredAnnotationProcessor&apos; to allow for resolving potential circular references
2015-09-21 21:11:53,620 [DEBUG] (AbstractAutowireCapableBeanFactory.java:createBean:484) Finished creating instance of bean &apos;org.springframework.context.annotation.internalRequiredAnnotationProcessor&apos;
2015-09-21 21:11:53,620 [DEBUG] (DefaultSingletonBeanRegistry.java:getSingleton:221) Creating shared instance of singleton bean &apos;org.springframework.context.annotation.internalCommonAnnotationProcessor&apos;
2015-09-21 21:11:53,620 [DEBUG] (AbstractAutowireCapableBeanFactory.java:createBean:448) Creating instance of bean &apos;org.springframework.context.annotation.internalCommonAnnotationProcessor&apos;
2015-09-21 21:11:53,670 [DEBUG] (AbstractAutowireCapableBeanFactory.java:doCreateBean:529) Eagerly caching bean &apos;org.springframework.context.annotation.internalCommonAnnotationProcessor&apos; to allow for resolving potential circular references
2015-09-21 21:11:53,671 [DEBUG] (AbstractAutowireCapableBeanFactory.java:createBean:484) Finished creating instance of bean &apos;org.springframework.context.annotation.internalCommonAnnotationProcessor&apos;
2015-09-21 21:11:53,671 [DEBUG] (DefaultSingletonBeanRegistry.java:getSingleton:221) Creating shared instance of singleton bean &apos;org.springframework.context.annotation.ConfigurationClassPostProcessor.importAwareProcessor&apos;
2015-09-21 21:11:53,671 [DEBUG] (AbstractAutowireCapableBeanFactory.java:createBean:448) Creating instance of bean &apos;org.springframework.context.annotation.ConfigurationClassPostProcessor.importAwareProcessor&apos;
2015-09-21 21:11:53,672 [DEBUG] (AbstractAutowireCapableBeanFactory.java:doCreateBean:529) Eagerly caching bean &apos;org.springframework.context.annotation.ConfigurationClassPostProcessor.importAwareProcessor&apos; to allow for resolving potential circular references
2015-09-21 21:11:53,672 [DEBUG] (AbstractAutowireCapableBeanFactory.java:createBean:484) Finished creating instance of bean &apos;org.springframework.context.annotation.ConfigurationClassPostProcessor.importAwareProcessor&apos;
2015-09-21 21:11:53,672 [DEBUG] (DefaultSingletonBeanRegistry.java:getSingleton:221) Creating shared instance of singleton bean &apos;org.springframework.context.annotation.ConfigurationClassPostProcessor.enhancedConfigurationProcessor&apos;
2015-09-21 21:11:53,673 [DEBUG] (AbstractAutowireCapableBeanFactory.java:createBean:448) Creating instance of bean &apos;org.springframework.context.annotation.ConfigurationClassPostProcessor.enhancedConfigurationProcessor&apos;
2015-09-21 21:11:53,673 [DEBUG] (AbstractAutowireCapableBeanFactory.java:doCreateBean:529) Eagerly caching bean &apos;org.springframework.context.annotation.ConfigurationClassPostProcessor.enhancedConfigurationProcessor&apos; to allow for resolving potential circular references
2015-09-21 21:11:53,673 [DEBUG] (AbstractAutowireCapableBeanFactory.java:createBean:484) Finished creating instance of bean &apos;org.springframework.context.annotation.ConfigurationClassPostProcessor.enhancedConfigurationProcessor&apos;
2015-09-21 21:11:53,679 [DEBUG] (AbstractApplicationContext.java:initMessageSource:713) Unable to locate MessageSource with name &apos;messageSource&apos;: using default [org.springframework.context.support.DelegatingMessageSource@1db900f]
2015-09-21 21:11:53,683 [DEBUG] (AbstractApplicationContext.java:initApplicationEventMulticaster:737) Unable to locate ApplicationEventMulticaster with name &apos;applicationEventMulticaster&apos;: using default [org.springframework.context.event.SimpleApplicationEventMulticaster@e95a23]
2015-09-21 21:11:53,684 [DEBUG] (DefaultListableBeanFactory.java:preInstantiateSingletons:741) Pre-instantiating singletons in org.springframework.beans.factory.support.DefaultListableBeanFactory@11aa6ce: defining beans [org.springframework.context.annotation.internalConfigurationAnnotationProcessor,org.springframework.context.annotation.internalAutowiredAnnotationProcessor,org.springframework.context.annotation.internalRequiredAnnotationProcessor,org.springframework.context.annotation.internalCommonAnnotationProcessor,org.springframework.context.event.internalEventListenerProcessor,org.springframework.context.event.internalEventListenerFactory,referentialDAO,org.springframework.context.annotation.ConfigurationClassPostProcessor.importAwareProcessor,org.springframework.context.annotation.ConfigurationClassPostProcessor.enhancedConfigurationProcessor]; root of factory hierarchy
2015-09-21 21:11:53,685 [DEBUG] (AbstractBeanFactory.java:doGetBean:250) Returning cached instance of singleton bean &apos;org.springframework.context.annotation.internalConfigurationAnnotationProcessor&apos;
2015-09-21 21:11:53,685 [DEBUG] (AbstractBeanFactory.java:doGetBean:250) Returning cached instance of singleton bean &apos;org.springframework.context.annotation.internalAutowiredAnnotationProcessor&apos;
2015-09-21 21:11:53,685 [DEBUG] (AbstractBeanFactory.java:doGetBean:250) Returning cached instance of singleton bean &apos;org.springframework.context.annotation.internalRequiredAnnotationProcessor&apos;
2015-09-21 21:11:53,685 [DEBUG] (AbstractBeanFactory.java:doGetBean:250) Returning cached instance of singleton bean &apos;org.springframework.context.annotation.internalCommonAnnotationProcessor&apos;
2015-09-21 21:11:53,686 [DEBUG] (DefaultSingletonBeanRegistry.java:getSingleton:221) Creating shared instance of singleton bean &apos;org.springframework.context.event.internalEventListenerProcessor&apos;
2015-09-21 21:11:53,686 [DEBUG] (AbstractAutowireCapableBeanFactory.java:createBean:448) Creating instance of bean &apos;org.springframework.context.event.internalEventListenerProcessor&apos;
2015-09-21 21:11:53,719 [DEBUG] (AbstractAutowireCapableBeanFactory.java:doCreateBean:529) Eagerly caching bean &apos;org.springframework.context.event.internalEventListenerProcessor&apos; to allow for resolving potential circular references
2015-09-21 21:11:53,737 [DEBUG] (AbstractAutowireCapableBeanFactory.java:createBean:484) Finished creating instance of bean &apos;org.springframework.context.event.internalEventListenerProcessor&apos;
2015-09-21 21:11:53,737 [DEBUG] (DefaultSingletonBeanRegistry.java:getSingleton:221) Creating shared instance of singleton bean &apos;org.springframework.context.event.internalEventListenerFactory&apos;
2015-09-21 21:11:53,738 [DEBUG] (AbstractAutowireCapableBeanFactory.java:createBean:448) Creating instance of bean &apos;org.springframework.context.event.internalEventListenerFactory&apos;
2015-09-21 21:11:53,738 [DEBUG] (AbstractAutowireCapableBeanFactory.java:doCreateBean:529) Eagerly caching bean &apos;org.springframework.context.event.internalEventListenerFactory&apos; to allow for resolving potential circular references
2015-09-21 21:11:53,741 [DEBUG] (AbstractAutowireCapableBeanFactory.java:createBean:484) Finished creating instance of bean &apos;org.springframework.context.event.internalEventListenerFactory&apos;
2015-09-21 21:11:53,741 [DEBUG] (DefaultSingletonBeanRegistry.java:getSingleton:221) Creating shared instance of singleton bean &apos;referentialDAO&apos;
2015-09-21 21:11:53,742 [DEBUG] (AbstractAutowireCapableBeanFactory.java:createBean:448) Creating instance of bean &apos;referentialDAO&apos;
2015-09-21 21:11:53,779 [DEBUG] (AbstractAutowireCapableBeanFactory.java:doCreateBean:529) Eagerly caching bean &apos;referentialDAO&apos; to allow for resolving potential circular references
2015-09-21 21:11:53,782 [DEBUG] (AbstractAutowireCapableBeanFactory.java:createBean:484) Finished creating instance of bean &apos;referentialDAO&apos;
2015-09-21 21:11:53,783 [DEBUG] (AbstractBeanFactory.java:doGetBean:250) Returning cached instance of singleton bean &apos;org.springframework.context.annotation.ConfigurationClassPostProcessor.importAwareProcessor&apos;
2015-09-21 21:11:53,783 [DEBUG] (AbstractBeanFactory.java:doGetBean:250) Returning cached instance of singleton bean &apos;org.springframework.context.annotation.ConfigurationClassPostProcessor.enhancedConfigurationProcessor&apos;
2015-09-21 21:11:53,783 [DEBUG] (AbstractBeanFactory.java:doGetBean:250) Returning cached instance of singleton bean &apos;org.springframework.context.event.internalEventListenerFactory&apos;
2015-09-21 21:11:53,843 [DEBUG] (AbstractApplicationContext.java:initLifecycleProcessor:764) Unable to locate LifecycleProcessor with name &apos;lifecycleProcessor&apos;: using default [org.springframework.context.support.DefaultLifecycleProcessor@40e6e2]
2015-09-21 21:11:53,843 [DEBUG] (AbstractBeanFactory.java:doGetBean:250) Returning cached instance of singleton bean &apos;lifecycleProcessor&apos;
2015-09-21 21:11:53,853 [DEBUG] (PropertySourcesPropertyResolver.java:getProperty:81) Searching for key &apos;spring.liveBeansView.mbeanDomain&apos; in [systemProperties]
2015-09-21 21:11:53,854 [DEBUG] (PropertySourcesPropertyResolver.java:getProperty:81) Searching for key &apos;spring.liveBeansView.mbeanDomain&apos; in [systemEnvironment]
2015-09-21 21:11:53,854 [DEBUG] (PropertySourcesPropertyResolver.java:getProperty:103) Could not find key &apos;spring.liveBeansView.mbeanDomain&apos; in any property source. Returning [null]
2015-09-21 21:11:53,857 [DEBUG] (DefaultCacheAwareContextLoaderDelegate.java:loadContext:118) Storing ApplicationContext in cache under key [[MergedContextConfiguration@151e135 testClass = InterviewPriceListenerTest, locations = &apos;{classpath:/application-context.xml}&apos;, classes = &apos;{}&apos;, contextInitializerClasses = &apos;[]&apos;, activeProfiles = &apos;{}&apos;, propertySourceLocations = &apos;{}&apos;, propertySourceProperties = &apos;{}&apos;, contextLoader = &apos;org.springframework.test.context.support.DelegatingSmartContextLoader&apos;, parent = [null]]]
2015-09-21 21:11:53,858 [DEBUG] (DefaultContextCache.java:logStatistics:247) Spring test ApplicationContext cache statistics: [DefaultContextCache@4c3ffd size = 1, parentContextCount = 0, hitCount = 0, missCount = 1]
2015-09-21 21:11:53,862 [DEBUG] (InjectionMetadata.java:inject:86) Processing injected element of bean &apos;calcserver.InterviewPriceListenerTest&apos;: AutowiredFieldElement for private com.bjss.basket.pricer.runner.InterviewPriceListener calcserver.InterviewPriceListenerTest.priceListener
2015-09-21 21:11:53,867 [ERROR] (TestContextManager.java:prepareTestInstance:231) Caught exception while allowing TestExecutionListener [org.springframework.test.context.support.DependencyInjectionTestExecutionListener@1fee2db] to prepare test instance [calcserver.InterviewPriceListenerTest@4d4f6e]
org.springframework.beans.factory.BeanCreationException: Error creating bean with name &apos;calcserver.InterviewPriceListenerTest&apos;: Injection of autowired dependencies failed; nested exception is org.springframework.beans.factory.BeanCreationException: Could not autowire field: private com.bjss.basket.pricer.runner.InterviewPriceListener calcserver.InterviewPriceListenerTest.priceListener; nested exception is org.springframework.beans.factory.NoSuchBeanDefinitionException: No qualifying bean of type [com.bjss.basket.pricer.runner.InterviewPriceListener] found for dependency: expected at least 1 bean which qualifies as autowire candidate for this dependency. Dependency annotations: {@org.springframework.beans.factory.annotation.Autowired(required=true)}
	at org.springframework.beans.factory.annotation.AutowiredAnnotationBeanPostProcessor.postProcessPropertyValues(AutowiredAnnotationBeanPostProcessor.java:334)
	at org.springframework.beans.factory.support.AbstractAutowireCapableBeanFactory.populateBean(AbstractAutowireCapableBeanFactory.java:1214)
	at org.springframework.beans.factory.support.AbstractAutowireCapableBeanFactory.autowireBeanProperties(AbstractAutowireCapableBeanFactory.java:385)
	at org.springframework.test.context.support.DependencyInjectionTestExecutionListener.injectDependencies(DependencyInjectionTestExecutionListener.java:118)
	at org.springframework.test.context.support.DependencyInjectionTestExecutionListener.prepareTestInstance(DependencyInjectionTestExecutionListener.java:83)
	at org.springframework.test.context.TestContextManager.prepareTestInstance(TestContextManager.java:228)
	at org.springframework.test.context.junit4.SpringJUnit4ClassRunner.createTest(SpringJUnit4ClassRunner.java:217)
	at org.springframework.test.context.junit4.SpringJUnit4ClassRunner$1.runReflectiveCall(SpringJUnit4ClassRunner.java:276)
	at org.junit.internal.runners.model.ReflectiveCallable.run(ReflectiveCallable.java:12)
	at org.springframework.test.context.junit4.SpringJUnit4ClassRunner.methodBlock(SpringJUnit4ClassRunner.java:278)
	at org.springframework.test.context.junit4.SpringJUnit4ClassRunner.runChild(SpringJUnit4ClassRunner.java:236)
	at org.springframework.test.context.junit4.SpringJUnit4ClassRunner.runChild(SpringJUnit4ClassRunner.java:87)
	at org.junit.runners.ParentRunner$3.run(ParentRunner.java:238)
	at org.junit.runners.ParentRunner$1.schedule(ParentRunner.java:63)
	at org.junit.runners.ParentRunner.runChildren(ParentRunner.java:236)
	at org.junit.runners.ParentRunner.access$000(ParentRunner.java:53)
	at org.junit.runners.ParentRunner$2.evaluate(ParentRunner.java:229)
	at org.springframework.test.context.junit4.statements.RunBeforeTestClassCallbacks.evaluate(RunBeforeTestClassCallbacks.java:61)
	at org.springframework.test.context.junit4.statements.RunAfterTestClassCallbacks.evaluate(RunAfterTestClassCallbacks.java:70)
	at org.junit.runners.ParentRunner.run(ParentRunner.java:309)
	at org.springframework.test.context.junit4.SpringJUnit4ClassRunner.run(SpringJUnit4ClassRunner.java:180)
	at org.apache.maven.surefire.junit4.JUnit4TestSet.execute(JUnit4TestSet.java:35)
	at org.apache.maven.surefire.junit4.JUnit4Provider.executeTestSet(JUnit4Provider.java:146)
	at org.apache.maven.surefire.junit4.JUnit4Provider.invoke(JUnit4Provider.java:97)
	at sun.reflect.NativeMethodAccessorImpl.invoke0(Native Method)
	at sun.reflect.NativeMethodAccessorImpl.invoke(NativeMethodAccessorImpl.java:57)
	at sun.reflect.DelegatingMethodAccessorImpl.invoke(DelegatingMethodAccessorImpl.java:43)
	at java.lang.reflect.Method.invoke(Method.java:606)
	at org.apache.maven.surefire.booter.ProviderFactory$ClassLoaderProxy.invoke(ProviderFactory.java:103)
	at com.sun.proxy.$Proxy0.invoke(Unknown Source)
	at org.apache.maven.surefire.booter.SurefireStarter.invokeProvider(SurefireStarter.java:145)
	at org.apache.maven.surefire.booter.SurefireStarter.runSuitesInProcess(SurefireStarter.java:87)
	at org.apache.maven.surefire.booter.ForkedBooter.main(ForkedBooter.java:69)
Caused by: org.springframework.beans.factory.BeanCreationException: Could not autowire field: private com.bjss.basket.pricer.runner.InterviewPriceListener calcserver.InterviewPriceListenerTest.priceListener; nested exception is org.springframework.beans.factory.NoSuchBeanDefinitionException: No qualifying bean of type [com.bjss.basket.pricer.runner.InterviewPriceListener] found for dependency: expected at least 1 bean which qualifies as autowire candidate for this dependency. Dependency annotations: {@org.springframework.beans.factory.annotation.Autowired(required=true)}
	at org.springframework.beans.factory.annotation.AutowiredAnnotationBeanPostProcessor$AutowiredFieldElement.inject(AutowiredAnnotationBeanPostProcessor.java:571)
	at org.springframework.beans.factory.annotation.InjectionMetadata.inject(InjectionMetadata.java:88)
	at org.springframework.beans.factory.annotation.AutowiredAnnotationBeanPostProcessor.postProcessPropertyValues(AutowiredAnnotationBeanPostProcessor.java:331)
	... 32 more
Caused by: org.springframework.beans.factory.NoSuchBeanDefinitionException: No qualifying bean of type [com.bjss.basket.pricer.runner.InterviewPriceListener] found for dependency: expected at least 1 bean which qualifies as autowire candidate for this dependency. Dependency annotations: {@org.springframework.beans.factory.annotation.Autowired(required=true)}
	at org.springframework.beans.factory.support.DefaultListableBeanFactory.raiseNoSuchBeanDefinitionException(DefaultListableBeanFactory.java:1326)
	at org.springframework.beans.factory.support.DefaultListableBeanFactory.doResolveDependency(DefaultListableBeanFactory.java:1072)
	at org.springframework.beans.factory.support.DefaultListableBeanFactory.resolveDependency(DefaultListableBeanFactory.java:967)
	at org.springframework.beans.factory.annotation.AutowiredAnnotationBeanPostProcessor$AutowiredFieldElement.inject(AutowiredAnnotationBeanPostProcessor.java:543)
	... 34 more
</system-out>
  </testcase>
</testsuite>